  [1m[35m (0.2ms)[0m  [1m[35mDROP DATABASE IF EXISTS "Reddit_Clone_development"[0m
  [1m[35m (0.0ms)[0m  [1m[35mDROP DATABASE IF EXISTS "Reddit_Clone_test"[0m
  [1m[35m (73.4ms)[0m  [1m[35mCREATE DATABASE "Reddit_Clone_development" ENCODING = 'unicode'[0m
  [1m[35m (34.5ms)[0m  [1m[35mCREATE DATABASE "Reddit_Clone_test" ENCODING = 'unicode'[0m
  [1m[35m (9.1ms)[0m  [1m[35mCREATE TABLE "schema_migrations" ("version" character varying NOT NULL PRIMARY KEY)[0m
  [1m[35m (2.5ms)[0m  [1m[35mCREATE TABLE "ar_internal_metadata" ("key" character varying NOT NULL PRIMARY KEY, "value" character varying, "created_at" timestamp(6) NOT NULL, "updated_at" timestamp(6) NOT NULL)[0m
  [1m[35m (0.1ms)[0m  [1m[34mSELECT pg_try_advisory_lock(6737355175553333625)[0m
  [1m[36mActiveRecord::SchemaMigration Pluck (0.3ms)[0m  [1m[34mSELECT "schema_migrations"."version" FROM "schema_migrations" ORDER BY "schema_migrations"."version" ASC[0m
  [1m[36mActiveRecord::InternalMetadata Load (0.4ms)[0m  [1m[34mSELECT "ar_internal_metadata".* FROM "ar_internal_metadata" WHERE "ar_internal_metadata"."key" = $1 LIMIT $2[0m  [["key", "environment"], ["LIMIT", 1]]
  [1m[36mTRANSACTION (0.1ms)[0m  [1m[35mBEGIN[0m
  [1m[36mActiveRecord::InternalMetadata Create (0.9ms)[0m  [1m[32mINSERT INTO "ar_internal_metadata" ("key", "value", "created_at", "updated_at") VALUES ($1, $2, $3, $4) RETURNING "key"[0m  [["key", "environment"], ["value", "development"], ["created_at", "2023-04-21 18:10:00.253662"], ["updated_at", "2023-04-21 18:10:00.253662"]]
  [1m[36mTRANSACTION (0.1ms)[0m  [1m[35mCOMMIT[0m
  [1m[35m (0.1ms)[0m  [1m[34mSELECT pg_advisory_unlock(6737355175553333625)[0m
  [1m[36mActiveRecord::SchemaMigration Pluck (0.3ms)[0m  [1m[34mSELECT "schema_migrations"."version" FROM "schema_migrations" ORDER BY "schema_migrations"."version" ASC[0m
  [1m[36mActiveRecord::SchemaMigration Pluck (0.1ms)[0m  [1m[34mSELECT "schema_migrations"."version" FROM "schema_migrations" ORDER BY "schema_migrations"."version" ASC[0m
  [1m[36mActiveRecord::SchemaMigration Pluck (0.1ms)[0m  [1m[34mSELECT "schema_migrations"."version" FROM "schema_migrations" ORDER BY "schema_migrations"."version" ASC[0m
  [1m[35m (60.6ms)[0m  [1m[35mDROP DATABASE IF EXISTS "Reddit_Clone_test"[0m
  [1m[35m (42.4ms)[0m  [1m[35mCREATE DATABASE "Reddit_Clone_test" ENCODING = 'unicode'[0m
  [1m[35mSQL (0.3ms)[0m  [1m[35mCREATE EXTENSION IF NOT EXISTS "plpgsql"[0m
  [1m[35m (1.2ms)[0m  [1m[35mCREATE TABLE "schema_migrations" ("version" character varying NOT NULL PRIMARY KEY)[0m
  [1m[36mActiveRecord::SchemaMigration Pluck (0.1ms)[0m  [1m[34mSELECT "schema_migrations"."version" FROM "schema_migrations" ORDER BY "schema_migrations"."version" ASC[0m
  [1m[35m (0.1ms)[0m  [1m[32mINSERT INTO "schema_migrations" (version) VALUES (0)[0m
  [1m[35m (0.7ms)[0m  [1m[35mCREATE TABLE "ar_internal_metadata" ("key" character varying NOT NULL PRIMARY KEY, "value" character varying, "created_at" timestamp(6) NOT NULL, "updated_at" timestamp(6) NOT NULL)[0m
  [1m[36mActiveRecord::InternalMetadata Load (0.1ms)[0m  [1m[34mSELECT "ar_internal_metadata".* FROM "ar_internal_metadata" WHERE "ar_internal_metadata"."key" = $1 LIMIT $2[0m  [["key", "environment"], ["LIMIT", 1]]
  [1m[36mTRANSACTION (0.1ms)[0m  [1m[35mBEGIN[0m
  [1m[36mActiveRecord::InternalMetadata Create (0.1ms)[0m  [1m[32mINSERT INTO "ar_internal_metadata" ("key", "value", "created_at", "updated_at") VALUES ($1, $2, $3, $4) RETURNING "key"[0m  [["key", "environment"], ["value", "development"], ["created_at", "2023-04-21 18:10:00.392719"], ["updated_at", "2023-04-21 18:10:00.392719"]]
  [1m[36mTRANSACTION (0.1ms)[0m  [1m[35mCOMMIT[0m
  [1m[36mActiveRecord::InternalMetadata Load (0.0ms)[0m  [1m[34mSELECT "ar_internal_metadata".* FROM "ar_internal_metadata" WHERE "ar_internal_metadata"."key" = $1 LIMIT $2[0m  [["key", "environment"], ["LIMIT", 1]]
  [1m[36mTRANSACTION (0.1ms)[0m  [1m[35mBEGIN[0m
  [1m[36mActiveRecord::InternalMetadata Update (0.1ms)[0m  [1m[33mUPDATE "ar_internal_metadata" SET "value" = $1, "updated_at" = $2 WHERE "ar_internal_metadata"."key" = $3[0m  [["value", "test"], ["updated_at", "2023-04-21 18:10:00.394705"], ["key", "environment"]]
  [1m[36mTRANSACTION (0.1ms)[0m  [1m[35mCOMMIT[0m
  [1m[36mActiveRecord::InternalMetadata Load (0.3ms)[0m  [1m[34mSELECT "ar_internal_metadata".* FROM "ar_internal_metadata" WHERE "ar_internal_metadata"."key" = $1 LIMIT $2[0m  [["key", "schema_sha1"], ["LIMIT", 1]]
  [1m[36mTRANSACTION (0.0ms)[0m  [1m[35mBEGIN[0m
  [1m[36mActiveRecord::InternalMetadata Create (0.1ms)[0m  [1m[32mINSERT INTO "ar_internal_metadata" ("key", "value", "created_at", "updated_at") VALUES ($1, $2, $3, $4) RETURNING "key"[0m  [["key", "schema_sha1"], ["value", "58addd46498439b0246039134434c38aae6c70d3"], ["created_at", "2023-04-21 18:10:00.396638"], ["updated_at", "2023-04-21 18:10:00.396638"]]
  [1m[36mTRANSACTION (0.1ms)[0m  [1m[35mCOMMIT[0m
  [1m[35m (0.1ms)[0m  [1m[34mSELECT pg_try_advisory_lock(6737355175553333625)[0m
  [1m[36mActiveRecord::SchemaMigration Pluck (0.6ms)[0m  [1m[34mSELECT "schema_migrations"."version" FROM "schema_migrations" ORDER BY "schema_migrations"."version" ASC[0m
Migrating to CreateUsers (20230421181041)
  [1m[36mTRANSACTION (0.1ms)[0m  [1m[35mBEGIN[0m
  [1m[35m (7.8ms)[0m  [1m[35mCREATE TABLE "users" ("id" bigserial primary key, "username" character varying NOT NULL, "session_token" character varying NOT NULL, "password_digest" character varying NOT NULL, "created_at" timestamp(6) NOT NULL, "updated_at" timestamp(6) NOT NULL)[0m
  [1m[35m (0.8ms)[0m  [1m[35mCREATE INDEX "index_users_on_username" ON "users" ("username")[0m
  [1m[35m (0.8ms)[0m  [1m[35mCREATE INDEX "index_users_on_session_token" ON "users" ("session_token")[0m
  [1m[36mActiveRecord::SchemaMigration Create (0.6ms)[0m  [1m[32mINSERT INTO "schema_migrations" ("version") VALUES ($1) RETURNING "version"[0m  [["version", "20230421181041"]]
  [1m[36mTRANSACTION (0.7ms)[0m  [1m[35mCOMMIT[0m
  [1m[36mActiveRecord::InternalMetadata Load (0.3ms)[0m  [1m[34mSELECT "ar_internal_metadata".* FROM "ar_internal_metadata" WHERE "ar_internal_metadata"."key" = $1 LIMIT $2[0m  [["key", "environment"], ["LIMIT", 1]]
  [1m[35m (0.1ms)[0m  [1m[34mSELECT pg_advisory_unlock(6737355175553333625)[0m
  [1m[36mActiveRecord::SchemaMigration Pluck (0.4ms)[0m  [1m[34mSELECT "schema_migrations"."version" FROM "schema_migrations" ORDER BY "schema_migrations"."version" ASC[0m
  [1m[36mActiveRecord::SchemaMigration Pluck (0.0ms)[0m  [1m[34mSELECT "schema_migrations"."version" FROM "schema_migrations" ORDER BY "schema_migrations"."version" ASC[0m
  [1m[36mActiveRecord::InternalMetadata Pluck (0.1ms)[0m  [1m[34mSELECT "ar_internal_metadata"."value" FROM "ar_internal_metadata" WHERE "ar_internal_metadata"."key" = $1 LIMIT $2[0m  [["key", "environment"], ["LIMIT", 1]]
  [1m[36mActiveRecord::SchemaMigration Pluck (0.0ms)[0m  [1m[34mSELECT "schema_migrations"."version" FROM "schema_migrations" ORDER BY "schema_migrations"."version" ASC[0m
  [1m[36mActiveRecord::InternalMetadata Pluck (0.0ms)[0m  [1m[34mSELECT "ar_internal_metadata"."value" FROM "ar_internal_metadata" WHERE "ar_internal_metadata"."key" = $1 LIMIT $2[0m  [["key", "environment"], ["LIMIT", 1]]
  [1m[36mActiveRecord::SchemaMigration Pluck (0.0ms)[0m  [1m[34mSELECT "schema_migrations"."version" FROM "schema_migrations" ORDER BY "schema_migrations"."version" ASC[0m
  [1m[36mActiveRecord::InternalMetadata Pluck (0.0ms)[0m  [1m[34mSELECT "ar_internal_metadata"."value" FROM "ar_internal_metadata" WHERE "ar_internal_metadata"."key" = $1 LIMIT $2[0m  [["key", "environment"], ["LIMIT", 1]]
  [1m[35m (29.6ms)[0m  [1m[35mDROP DATABASE IF EXISTS "Reddit_Clone_test"[0m
  [1m[35m (43.9ms)[0m  [1m[35mCREATE DATABASE "Reddit_Clone_test" ENCODING = 'unicode'[0m
  [1m[35mSQL (0.0ms)[0m  [1m[35mCREATE EXTENSION IF NOT EXISTS "plpgsql"[0m
  [1m[35m (0.0ms)[0m  [1m[35mDROP TABLE IF EXISTS "users" CASCADE[0m
  [1m[35m (1.7ms)[0m  [1m[35mCREATE TABLE "users" ("id" bigserial primary key, "username" character varying NOT NULL, "session_token" character varying NOT NULL, "password_digest" character varying NOT NULL, "created_at" timestamp(6) NOT NULL, "updated_at" timestamp(6) NOT NULL)[0m
  [1m[35m (0.4ms)[0m  [1m[35mCREATE INDEX "index_users_on_session_token" ON "users" ("session_token")[0m
  [1m[35m (0.2ms)[0m  [1m[35mCREATE INDEX "index_users_on_username" ON "users" ("username")[0m
  [1m[35m (0.6ms)[0m  [1m[35mCREATE TABLE "schema_migrations" ("version" character varying NOT NULL PRIMARY KEY)[0m
  [1m[36mActiveRecord::SchemaMigration Pluck (0.1ms)[0m  [1m[34mSELECT "schema_migrations"."version" FROM "schema_migrations" ORDER BY "schema_migrations"."version" ASC[0m
  [1m[35m (0.1ms)[0m  [1m[32mINSERT INTO "schema_migrations" (version) VALUES (20230421181041)[0m
  [1m[35m (0.5ms)[0m  [1m[35mCREATE TABLE "ar_internal_metadata" ("key" character varying NOT NULL PRIMARY KEY, "value" character varying, "created_at" timestamp(6) NOT NULL, "updated_at" timestamp(6) NOT NULL)[0m
  [1m[36mActiveRecord::InternalMetadata Load (0.1ms)[0m  [1m[34mSELECT "ar_internal_metadata".* FROM "ar_internal_metadata" WHERE "ar_internal_metadata"."key" = $1 LIMIT $2[0m  [["key", "environment"], ["LIMIT", 1]]
  [1m[36mTRANSACTION (0.0ms)[0m  [1m[35mBEGIN[0m
  [1m[36mActiveRecord::InternalMetadata Create (0.1ms)[0m  [1m[32mINSERT INTO "ar_internal_metadata" ("key", "value", "created_at", "updated_at") VALUES ($1, $2, $3, $4) RETURNING "key"[0m  [["key", "environment"], ["value", "development"], ["created_at", "2023-04-21 18:14:52.126062"], ["updated_at", "2023-04-21 18:14:52.126062"]]
  [1m[36mTRANSACTION (0.1ms)[0m  [1m[35mCOMMIT[0m
  [1m[36mActiveRecord::InternalMetadata Load (0.0ms)[0m  [1m[34mSELECT "ar_internal_metadata".* FROM "ar_internal_metadata" WHERE "ar_internal_metadata"."key" = $1 LIMIT $2[0m  [["key", "environment"], ["LIMIT", 1]]
  [1m[36mTRANSACTION (0.0ms)[0m  [1m[35mBEGIN[0m
  [1m[36mActiveRecord::InternalMetadata Update (0.1ms)[0m  [1m[33mUPDATE "ar_internal_metadata" SET "value" = $1, "updated_at" = $2 WHERE "ar_internal_metadata"."key" = $3[0m  [["value", "test"], ["updated_at", "2023-04-21 18:14:52.127710"], ["key", "environment"]]
  [1m[36mTRANSACTION (0.1ms)[0m  [1m[35mCOMMIT[0m
  [1m[36mActiveRecord::InternalMetadata Load (0.0ms)[0m  [1m[34mSELECT "ar_internal_metadata".* FROM "ar_internal_metadata" WHERE "ar_internal_metadata"."key" = $1 LIMIT $2[0m  [["key", "schema_sha1"], ["LIMIT", 1]]
  [1m[36mTRANSACTION (0.0ms)[0m  [1m[35mBEGIN[0m
  [1m[36mActiveRecord::InternalMetadata Create (0.0ms)[0m  [1m[32mINSERT INTO "ar_internal_metadata" ("key", "value", "created_at", "updated_at") VALUES ($1, $2, $3, $4) RETURNING "key"[0m  [["key", "schema_sha1"], ["value", "b044fa05ea259c9bc7d3a6db363c8922bf464c99"], ["created_at", "2023-04-21 18:14:52.129157"], ["updated_at", "2023-04-21 18:14:52.129157"]]
  [1m[36mTRANSACTION (0.1ms)[0m  [1m[35mCOMMIT[0m
Started GET "/" for ::1 at 2023-04-21 15:16:14 -0400
  [1m[36mActiveRecord::SchemaMigration Pluck (0.9ms)[0m  [1m[34mSELECT "schema_migrations"."version" FROM "schema_migrations" ORDER BY "schema_migrations"."version" ASC[0m
Processing by Rails::WelcomeController#index as HTML
  Rendering /Users/harjit/.rbenv/versions/3.1.1/lib/ruby/gems/3.1.0/gems/railties-7.0.4.3/lib/rails/templates/rails/welcome/index.html.erb
  Rendered /Users/harjit/.rbenv/versions/3.1.1/lib/ruby/gems/3.1.0/gems/railties-7.0.4.3/lib/rails/templates/rails/welcome/index.html.erb (Duration: 0.7ms | Allocations: 527)
Completed 200 OK in 3ms (Views: 1.9ms | ActiveRecord: 0.0ms | Allocations: 2815)


Started GET "/new/user" for ::1 at 2023-04-21 15:17:13 -0400
  
ActionController::RoutingError (No route matches [GET] "/new/user"):
  
Started GET "/users" for ::1 at 2023-04-21 15:17:20 -0400
  
ActionController::RoutingError (No route matches [GET] "/users"):
  
Started GET "/user" for ::1 at 2023-04-21 15:17:24 -0400
  
ActionController::RoutingError (No route matches [GET] "/user"):
  
Started GET "/users_path" for ::1 at 2023-04-21 15:17:53 -0400
  
ActionController::RoutingError (No route matches [GET] "/users_path"):
  
Started GET "/new_user_path" for ::1 at 2023-04-21 15:18:09 -0400
  
ActionController::RoutingError (No route matches [GET] "/new_user_path"):
  
Started GET "/new_user" for ::1 at 2023-04-21 15:18:11 -0400
  
ActionController::RoutingError (No route matches [GET] "/new_user"):
  
Started GET "/new_user" for ::1 at 2023-04-21 15:19:27 -0400
  
ActionController::RoutingError (No route matches [GET] "/new_user"):
  
Started GET "/users" for ::1 at 2023-04-21 15:19:54 -0400
  
ActionController::RoutingError (No route matches [GET] "/users"):
  
Started GET "/users" for ::1 at 2023-04-21 15:22:02 -0400
  [1m[36mActiveRecord::SchemaMigration Pluck (0.8ms)[0m  [1m[34mSELECT "schema_migrations"."version" FROM "schema_migrations" ORDER BY "schema_migrations"."version" ASC[0m
  
ActionController::RoutingError (No route matches [GET] "/users"):
  
Started GET "/users" for ::1 at 2023-04-21 15:22:03 -0400
  
ActionController::RoutingError (No route matches [GET] "/users"):
  
Started GET "/users/new" for ::1 at 2023-04-21 15:22:42 -0400

SyntaxError - syntax error, unexpected '=', expecting `end'
...           flash.now(:errors) = @user.errors.full_messages 
...                              ^
/Users/harjit/Desktop/Week_7/W7D5/Reddit_Clone/app/controllers/users_controller.rb:21: syntax error, unexpected end-of-input, expecting `end':
  app/controllers/users_controller.rb:14:in `'

Started POST "/__better_errors/429c13a4745fea65/variables" for ::1 at 2023-04-21 15:22:42 -0400
Started GET "/users/new" for ::1 at 2023-04-21 15:23:09 -0400

SyntaxError - syntax error, unexpected '=', expecting `end'
...           flash.now(:errors) = @user.errors.full_messages 
...                              ^:
  app/controllers/users_controller.rb:14:in `'

Started POST "/__better_errors/db25e92f28e8bfae/variables" for ::1 at 2023-04-21 15:23:09 -0400
Started GET "/users/new" for ::1 at 2023-04-21 15:23:11 -0400

SyntaxError - syntax error, unexpected '=', expecting `end'
...           flash.now(:errors) = @user.errors.full_messages 
...                              ^:
  app/controllers/users_controller.rb:14:in `'

Started POST "/__better_errors/4c00b4d70284eba5/variables" for ::1 at 2023-04-21 15:23:11 -0400
Started GET "/users/new" for ::1 at 2023-04-21 15:23:42 -0400
Processing by UsersController#new as HTML
Completed 500 Internal Server Error in 1ms (ActiveRecord: 0.0ms | Allocations: 787)



SyntaxError - syntax error, unexpected ':', expecting ')'
... user = User.find_by(:username: username)
...                              ^:
  app/models/user.rb:19:in `'
  app/controllers/users_controller.rb:3:in `new'

Started POST "/__better_errors/42abc27334dc36ba/variables" for ::1 at 2023-04-21 15:23:42 -0400
Started GET "/users/new" for ::1 at 2023-04-21 15:24:50 -0400
Processing by UsersController#new as HTML
  Rendering layout layouts/application.html.erb
  Rendering users/new.html.erb within layouts/application
  Rendered users/new.html.erb within layouts/application (Duration: 0.2ms | Allocations: 110)
  Rendered layout layouts/application.html.erb (Duration: 7.3ms | Allocations: 6626)
Completed 200 OK in 18ms (Views: 7.9ms | ActiveRecord: 5.6ms | Allocations: 12954)


Started GET "/users/new" for ::1 at 2023-04-21 15:33:26 -0400
Processing by UsersController#new as HTML
  Rendering layout layouts/application.html.erb
  Rendering users/new.html.erb within layouts/application
  Rendered users/new.html.erb within layouts/application (Duration: 0.7ms | Allocations: 112)
  Rendered layout layouts/application.html.erb (Duration: 10.8ms | Allocations: 1805)
Completed 200 OK in 18ms (Views: 15.6ms | Allocations: 2536)


Started GET "/users/new" for ::1 at 2023-04-21 15:34:17 -0400
Processing by UsersController#new as HTML
  Rendering layout layouts/application.html.erb
  Rendering users/new.html.erb within layouts/application
  Rendered users/new.html.erb within layouts/application (Duration: 0.6ms | Allocations: 116)
  Rendered layout layouts/application.html.erb (Duration: 5.6ms | Allocations: 1797)
Completed 200 OK in 8ms (Views: 8.0ms | Allocations: 2525)


Started GET "/users/new" for ::1 at 2023-04-21 15:35:37 -0400
Processing by UsersController#new as HTML
  Rendering layout layouts/application.html.erb
  Rendering users/new.html.erb within layouts/application
  Rendered users/new.html.erb within layouts/application (Duration: 0.5ms | Allocations: 119)
  Rendered layout layouts/application.html.erb (Duration: 3.6ms | Allocations: 1817)
Completed 200 OK in 27ms (Views: 26.4ms | Allocations: 2551)


Started GET "/users/new" for ::1 at 2023-04-21 15:35:57 -0400
Processing by UsersController#new as HTML
  Rendering layout layouts/application.html.erb
  Rendering users/new.html.erb within layouts/application
  Rendered users/new.html.erb within layouts/application (Duration: 0.5ms | Allocations: 116)
  Rendered layout layouts/application.html.erb (Duration: 4.8ms | Allocations: 1811)
Completed 200 OK in 9ms (Views: 8.6ms | Allocations: 2534)


Started GET "/users/new" for ::1 at 2023-04-21 15:36:42 -0400
Processing by UsersController#new as HTML
  Rendering layout layouts/application.html.erb
  Rendering users/new.html.erb within layouts/application
  Rendered users/new.html.erb within layouts/application (Duration: 0.5ms | Allocations: 116)
  Rendered layout layouts/application.html.erb (Duration: 5.4ms | Allocations: 1781)
Completed 200 OK in 8ms (Views: 8.0ms | Allocations: 2505)


Started GET "/users/new" for ::1 at 2023-04-21 15:38:20 -0400
Processing by UsersController#new as HTML
  Rendering layout layouts/application.html.erb
  Rendering users/new.html.erb within layouts/application
  Rendered users/new.html.erb within layouts/application (Duration: 0.7ms | Allocations: 116)
  Rendered layout layouts/application.html.erb (Duration: 7.2ms | Allocations: 1805)
Completed 200 OK in 13ms (Views: 11.8ms | Allocations: 2528)


Started GET "/users/new" for ::1 at 2023-04-21 15:40:55 -0400
Processing by UsersController#new as HTML
  Rendering layout layouts/application.html.erb
  Rendering users/new.html.erb within layouts/application
  Rendered users/new.html.erb within layouts/application (Duration: 0.6ms | Allocations: 118)
  Rendered layout layouts/application.html.erb (Duration: 7.0ms | Allocations: 1813)
Completed 200 OK in 15ms (Views: 13.1ms | Allocations: 2536)


Started GET "/users/new_session_url" for ::1 at 2023-04-21 15:41:00 -0400
  
ActionController::RoutingError (No route matches [GET] "/users/new_session_url"):
  
Started GET "/users/new" for ::1 at 2023-04-21 15:43:07 -0400
Processing by UsersController#new as HTML
  Rendering layout layouts/application.html.erb
  Rendering users/new.html.erb within layouts/application
  Rendered users/new.html.erb within layouts/application (Duration: 0.5ms | Allocations: 118)
  Rendered layout layouts/application.html.erb (Duration: 4.8ms | Allocations: 1801)
Completed 200 OK in 9ms (Views: 8.7ms | Allocations: 2524)


Started GET "/users/new" for ::1 at 2023-04-21 15:43:10 -0400
Processing by UsersController#new as HTML
  Rendering layout layouts/application.html.erb
  Rendering users/new.html.erb within layouts/application
  Rendered users/new.html.erb within layouts/application (Duration: 0.1ms | Allocations: 7)
  Rendered layout layouts/application.html.erb (Duration: 4.2ms | Allocations: 1296)
Completed 200 OK in 6ms (Views: 5.1ms | Allocations: 1537)


Started GET "/users/new" for ::1 at 2023-04-21 15:44:24 -0400
Processing by UsersController#new as HTML
  Rendering layout layouts/application.html.erb
  Rendering users/new.html.erb within layouts/application
  Rendered users/new.html.erb within layouts/application (Duration: 1.2ms | Allocations: 242)
  Rendered layout layouts/application.html.erb (Duration: 5.3ms | Allocations: 1921)
Completed 200 OK in 8ms (Views: 8.0ms | Allocations: 2619)


Started GET "/users/new" for ::1 at 2023-04-21 15:44:27 -0400
Processing by UsersController#new as HTML
  Rendering layout layouts/application.html.erb
  Rendering users/new.html.erb within layouts/application
  Rendered users/new.html.erb within layouts/application (Duration: 0.3ms | Allocations: 39)
  Rendered layout layouts/application.html.erb (Duration: 3.6ms | Allocations: 1321)
Completed 200 OK in 5ms (Views: 4.3ms | Allocations: 1562)


